\\nstu-nas01.uwe.ac.uk\users3$\k2-bakov\windows\desktop\atplatforer\atplatforer\x64\debug\vc142.pdb
\\nstu-nas01.uwe.ac.uk\users3$\k2-bakov\windows\desktop\atplatforer\atplatforer\x64\debug\systemclass.obj
\\nstu-nas01.uwe.ac.uk\users3$\k2-bakov\windows\desktop\atplatforer\atplatforer\x64\debug\modelclass.obj
\\nstu-nas01.uwe.ac.uk\users3$\k2-bakov\windows\desktop\atplatforer\atplatforer\x64\debug\main.obj
\\nstu-nas01.uwe.ac.uk\users3$\k2-bakov\windows\desktop\atplatforer\atplatforer\x64\debug\inputclass.obj
\\nstu-nas01.uwe.ac.uk\users3$\k2-bakov\windows\desktop\atplatforer\atplatforer\x64\debug\graphicsclass.obj
\\nstu-nas01.uwe.ac.uk\users3$\k2-bakov\windows\desktop\atplatforer\atplatforer\x64\debug\d3dclass.obj
\\nstu-nas01.uwe.ac.uk\users3$\k2-bakov\windows\desktop\atplatforer\atplatforer\x64\debug\colorshaderclass.obj
\\nstu-nas01.uwe.ac.uk\users3$\k2-bakov\windows\desktop\atplatforer\atplatforer\x64\debug\cameraclass.obj
\\nstu-nas01.uwe.ac.uk\users3$\k2-bakov\windows\desktop\atplatforer\atplatforer\x64\debug\vc142.idb
\\nstu-nas01.uwe.ac.uk\users3$\k2-bakov\windows\desktop\atplatforer\atplatforer\x64\debug\textureshaderclass.obj
\\nstu-nas01.uwe.ac.uk\users3$\k2-bakov\windows\desktop\atplatforer\atplatforer\x64\debug\textureclass.obj
\\nstu-nas01.uwe.ac.uk\users3$\k2-bakov\windows\desktop\atplatforer\atplatforer\x64\debug\lightshaderclass.obj
\\nstu-nas01.uwe.ac.uk\users3$\k2-bakov\windows\desktop\atplatforer\atplatforer\x64\debug\lightclass.obj
\\nstu-nas01.uwe.ac.uk\users3$\k2-bakov\windows\desktop\atplatforer\x64\debug\atplatforer.exe
\\nstu-nas01.uwe.ac.uk\users3$\k2-bakov\windows\desktop\atplatforer\x64\debug\atplatforer.ilk
\\nstu-nas01.uwe.ac.uk\users3$\k2-bakov\windows\desktop\atplatforer\x64\debug\atplatforer.pdb
\\nstu-nas01.uwe.ac.uk\users3$\k2-bakov\windows\desktop\atplatforer\atplatforer\x64\debug\atplatforer.tlog\cl.command.1.tlog
\\nstu-nas01.uwe.ac.uk\users3$\k2-bakov\windows\desktop\atplatforer\atplatforer\x64\debug\atplatforer.tlog\cl.read.1.tlog
\\nstu-nas01.uwe.ac.uk\users3$\k2-bakov\windows\desktop\atplatforer\atplatforer\x64\debug\atplatforer.tlog\cl.write.1.tlog
\\nstu-nas01.uwe.ac.uk\users3$\k2-bakov\windows\desktop\atplatforer\atplatforer\x64\debug\atplatforer.tlog\link.command.1.tlog
\\nstu-nas01.uwe.ac.uk\users3$\k2-bakov\windows\desktop\atplatforer\atplatforer\x64\debug\atplatforer.tlog\link.read.1.tlog
\\nstu-nas01.uwe.ac.uk\users3$\k2-bakov\windows\desktop\atplatforer\atplatforer\x64\debug\atplatforer.tlog\link.write.1.tlog
